[2023-12-04 20:41:18,633] INFO [by.javaguru.hibernate.starter.HibernateRunner: 24] User object is  transient state: User(username=i5@gmail.com, firstname=Pavel, lastname=Ivanov, birthDate=Birthday[birthDate=2000-01-19], role=ADMIN)
[2023-12-04 20:41:18,699] INFO [org.hibernate.Version: 44] HHH000412: Hibernate ORM core version 6.1.7.Final
[2023-12-04 20:41:19,176] WARN [org.hibernate.orm.connections.pooling: 80] HHH10001002: Using built-in connection pool (not intended for production use)
[2023-12-04 20:41:19,179] INFO [org.hibernate.orm.connections.pooling: 139] HHH10001005: Loaded JDBC driver class: org.postgresql.Driver
[2023-12-04 20:41:19,180] INFO [org.hibernate.orm.connections.pooling: 161] HHH10001012: Connecting with JDBC URL [jdbc:postgresql://localhost:5432/postgres]
[2023-12-04 20:41:19,180] INFO [org.hibernate.orm.connections.pooling: 170] HHH10001001: Connection properties: {password=****, user=postgres}
[2023-12-04 20:41:19,180] INFO [org.hibernate.orm.connections.pooling: 174] HHH10001003: Autocommit mode: false
[2023-12-04 20:41:19,182] INFO [org.hibernate.orm.connections.pooling: 366] HHH10001115: Connection pool size: 20 (min=1)
[2023-12-04 20:41:19,377] INFO [SQL dialect: 66] HHH000400: Using dialect: org.hibernate.dialect.PostgreSQLDialect
[2023-12-04 20:41:19,909] INFO [org.hibernate.engine.transaction.jta.platform.internal.JtaPlatformInitiator: 51] HHH000490: Using JtaPlatform implementation: [org.hibernate.engine.transaction.jta.platform.internal.NoJtaPlatform]
[2023-12-04 20:41:19,985] WARN [by.javaguru.hibernate.starter.HibernateRunner: 32] User firstName is changed: User(username=i5@gmail.com, firstname=Pavel, lastname=Ivanov, birthDate=Birthday[birthDate=2000-01-19], role=ADMIN)
[2023-12-04 20:41:20,009] INFO [org.hibernate.orm.connections.pooling: 608] HHH10001008: Cleaning up connection pool [jdbc:postgresql://localhost:5432/postgres]
[2023-12-04 20:52:16,678] INFO [by.javaguru.hibernate.starter.HibernateRunner: 29] User object is  transient state: User(username=i777@gmail.com, personalInfo=PersonalInfo(firstname=Pavel, lastname=Ivanov, birthDate=Birthday[birthDate=2000-01-19]), role=ADMIN)
[2023-12-04 20:52:16,750] INFO [org.hibernate.Version: 44] HHH000412: Hibernate ORM core version 6.1.7.Final
[2023-12-04 20:52:17,249] WARN [org.hibernate.orm.connections.pooling: 80] HHH10001002: Using built-in connection pool (not intended for production use)
[2023-12-04 20:52:17,252] INFO [org.hibernate.orm.connections.pooling: 139] HHH10001005: Loaded JDBC driver class: org.postgresql.Driver
[2023-12-04 20:52:17,253] INFO [org.hibernate.orm.connections.pooling: 161] HHH10001012: Connecting with JDBC URL [jdbc:postgresql://localhost:5432/postgres]
[2023-12-04 20:52:17,253] INFO [org.hibernate.orm.connections.pooling: 170] HHH10001001: Connection properties: {password=****, user=postgres}
[2023-12-04 20:52:17,253] INFO [org.hibernate.orm.connections.pooling: 174] HHH10001003: Autocommit mode: false
[2023-12-04 20:52:17,256] INFO [org.hibernate.orm.connections.pooling: 366] HHH10001115: Connection pool size: 20 (min=1)
[2023-12-04 20:52:17,462] INFO [SQL dialect: 66] HHH000400: Using dialect: org.hibernate.dialect.PostgreSQLDialect
[2023-12-04 20:52:18,018] INFO [org.hibernate.engine.transaction.jta.platform.internal.JtaPlatformInitiator: 51] HHH000490: Using JtaPlatform implementation: [org.hibernate.engine.transaction.jta.platform.internal.NoJtaPlatform]
[2023-12-04 20:52:18,114] INFO [org.hibernate.orm.connections.pooling: 608] HHH10001008: Cleaning up connection pool [jdbc:postgresql://localhost:5432/postgres]
[2023-12-04 20:56:54,775] INFO [by.javaguru.hibernate.starter.HibernateRunner: 29] User object is  transient state: User(id=null, username=i777@gmail.com, personalInfo=PersonalInfo(firstname=Pavel, lastname=Ivanov, birthDate=Birthday[birthDate=2000-01-19]), role=ADMIN)
[2023-12-04 20:56:54,848] INFO [org.hibernate.Version: 44] HHH000412: Hibernate ORM core version 6.1.7.Final
[2023-12-04 20:56:55,422] WARN [org.hibernate.orm.connections.pooling: 80] HHH10001002: Using built-in connection pool (not intended for production use)
[2023-12-04 20:56:55,424] INFO [org.hibernate.orm.connections.pooling: 139] HHH10001005: Loaded JDBC driver class: org.postgresql.Driver
[2023-12-04 20:56:55,425] INFO [org.hibernate.orm.connections.pooling: 161] HHH10001012: Connecting with JDBC URL [jdbc:postgresql://localhost:5432/postgres]
[2023-12-04 20:56:55,425] INFO [org.hibernate.orm.connections.pooling: 170] HHH10001001: Connection properties: {password=****, user=postgres}
[2023-12-04 20:56:55,425] INFO [org.hibernate.orm.connections.pooling: 174] HHH10001003: Autocommit mode: false
[2023-12-04 20:56:55,428] INFO [org.hibernate.orm.connections.pooling: 366] HHH10001115: Connection pool size: 20 (min=1)
[2023-12-04 20:56:55,637] INFO [SQL dialect: 66] HHH000400: Using dialect: org.hibernate.dialect.PostgreSQLDialect
[2023-12-04 20:56:56,241] INFO [org.hibernate.engine.transaction.jta.platform.internal.JtaPlatformInitiator: 51] HHH000490: Using JtaPlatform implementation: [org.hibernate.engine.transaction.jta.platform.internal.NoJtaPlatform]
[2023-12-04 20:56:56,312] WARN [org.hibernate.engine.jdbc.spi.SqlExceptionHelper: 133] SQL Error: 0, SQLState: 42703
[2023-12-04 20:56:56,312] ERROR [org.hibernate.engine.jdbc.spi.SqlExceptionHelper: 138] ОШИБКА: столбец "role" в таблице "users" не существует
  Позиция: 60
[2023-12-04 20:56:56,316] INFO [org.hibernate.orm.connections.pooling: 608] HHH10001008: Cleaning up connection pool [jdbc:postgresql://localhost:5432/postgres]
[2023-12-04 20:59:19,443] INFO [by.javaguru.hibernate.starter.HibernateRunner: 29] User object is  transient state: User(id=null, username=i777@gmail.com, personalInfo=PersonalInfo(firstname=Pavel, lastname=Ivanov, birthDate=Birthday[birthDate=2000-01-19]), role=ADMIN)
[2023-12-04 20:59:19,509] INFO [org.hibernate.Version: 44] HHH000412: Hibernate ORM core version 6.1.7.Final
[2023-12-04 20:59:20,008] WARN [org.hibernate.orm.connections.pooling: 80] HHH10001002: Using built-in connection pool (not intended for production use)
[2023-12-04 20:59:20,011] INFO [org.hibernate.orm.connections.pooling: 139] HHH10001005: Loaded JDBC driver class: org.postgresql.Driver
[2023-12-04 20:59:20,011] INFO [org.hibernate.orm.connections.pooling: 161] HHH10001012: Connecting with JDBC URL [jdbc:postgresql://localhost:5432/postgres]
[2023-12-04 20:59:20,012] INFO [org.hibernate.orm.connections.pooling: 170] HHH10001001: Connection properties: {password=****, user=postgres}
[2023-12-04 20:59:20,012] INFO [org.hibernate.orm.connections.pooling: 174] HHH10001003: Autocommit mode: false
[2023-12-04 20:59:20,014] INFO [org.hibernate.orm.connections.pooling: 366] HHH10001115: Connection pool size: 20 (min=1)
[2023-12-04 20:59:20,220] INFO [SQL dialect: 66] HHH000400: Using dialect: org.hibernate.dialect.PostgreSQLDialect
[2023-12-04 20:59:20,785] INFO [org.hibernate.engine.transaction.jta.platform.internal.JtaPlatformInitiator: 51] HHH000490: Using JtaPlatform implementation: [org.hibernate.engine.transaction.jta.platform.internal.NoJtaPlatform]
[2023-12-04 20:59:20,862] INFO [org.hibernate.orm.connections.pooling: 608] HHH10001008: Cleaning up connection pool [jdbc:postgresql://localhost:5432/postgres]
[2023-12-04 21:00:49,803] INFO [by.javaguru.hibernate.starter.HibernateRunner: 29] User object is  transient state: User(id=null, username=i@gmail.com, personalInfo=PersonalInfo(firstname=Pavel, lastname=Ivanov, birthDate=Birthday[birthDate=2000-01-19]), role=ADMIN)
[2023-12-04 21:00:49,870] INFO [org.hibernate.Version: 44] HHH000412: Hibernate ORM core version 6.1.7.Final
[2023-12-04 21:00:50,348] WARN [org.hibernate.orm.connections.pooling: 80] HHH10001002: Using built-in connection pool (not intended for production use)
[2023-12-04 21:00:50,351] INFO [org.hibernate.orm.connections.pooling: 139] HHH10001005: Loaded JDBC driver class: org.postgresql.Driver
[2023-12-04 21:00:50,351] INFO [org.hibernate.orm.connections.pooling: 161] HHH10001012: Connecting with JDBC URL [jdbc:postgresql://localhost:5432/postgres]
[2023-12-04 21:00:50,352] INFO [org.hibernate.orm.connections.pooling: 170] HHH10001001: Connection properties: {password=****, user=postgres}
[2023-12-04 21:00:50,352] INFO [org.hibernate.orm.connections.pooling: 174] HHH10001003: Autocommit mode: false
[2023-12-04 21:00:50,354] INFO [org.hibernate.orm.connections.pooling: 366] HHH10001115: Connection pool size: 20 (min=1)
[2023-12-04 21:00:50,547] INFO [SQL dialect: 66] HHH000400: Using dialect: org.hibernate.dialect.PostgreSQLDialect
[2023-12-04 21:00:51,098] INFO [org.hibernate.engine.transaction.jta.platform.internal.JtaPlatformInitiator: 51] HHH000490: Using JtaPlatform implementation: [org.hibernate.engine.transaction.jta.platform.internal.NoJtaPlatform]
[2023-12-04 21:00:51,172] INFO [org.hibernate.orm.connections.pooling: 608] HHH10001008: Cleaning up connection pool [jdbc:postgresql://localhost:5432/postgres]
